[2024-01-14T22:23:18.480Z] [INFO]: Conexão bem-sucedida com o banco de dados
[2024-01-14T22:24:23.318Z] [INFO]: Conexão bem-sucedida com o banco de dados
[2024-01-14T22:24:39.735Z] [INFO]: Conexão bem-sucedida com o banco de dados
[2024-01-14T22:32:45.918Z] [INFO]: Conexão bem-sucedida com o banco de dados
[2024-01-14T22:32:53.373Z] [INFO]: Conexão bem-sucedida com o banco de dados
[2024-01-14T22:33:18.936Z] [INFO]: Conexão bem-sucedida com o banco de dados
[2024-01-14T22:33:28.265Z] [INFO]: Conexão bem-sucedida com o banco de dados
[2024-01-14T22:34:05.019Z] [INFO]: Conexão bem-sucedida com o banco de dados
[2024-01-14T22:34:39.106Z] [INFO]: Conexão bem-sucedida com o banco de dados
[2024-01-14T22:34:54.382Z] [INFO]: Conexão bem-sucedida com o banco de dados
[2024-01-14T22:35:33.076Z] [INFO]: Conexão bem-sucedida com o banco de dados
[2024-01-14T22:35:33.148Z] [INFO]: Conexão com o banco de dados fechada com sucesso.
[2024-01-14T22:35:35.205Z] [INFO]: Conexão bem-sucedida com o banco de dados
[2024-01-14T22:35:35.219Z] [ERROR]: Credenciais inválidas
[2024-01-14T22:35:35.241Z] [ERROR]: Erro ao realizar login Cannot read properties of undefined (reading 'json')
[2024-01-14T22:35:35.260Z] [INFO]: Conexão com o banco de dados fechada com sucesso.
[2024-01-14T22:38:17.010Z] [INFO]: Conexão bem-sucedida com o banco de dados
[2024-01-14T22:38:17.033Z] [ERROR]: Credenciais inválidas
[2024-01-14T22:38:17.054Z] [ERROR]: Erro ao realizar login Cannot read properties of undefined (reading 'json')
[2024-01-14T22:38:17.089Z] [INFO]: Conexão com o banco de dados fechada com sucesso.
[2024-01-14T22:38:18.776Z] [INFO]: Conexão bem-sucedida com o banco de dados
[2024-01-14T22:38:18.876Z] [INFO]: Conexão com o banco de dados fechada com sucesso.
[2024-01-14T22:39:48.577Z] [INFO]: Conexão bem-sucedida com o banco de dados
[2024-01-14T22:39:48.603Z] [ERROR]: Credenciais inválidas
[2024-01-14T22:39:48.635Z] [ERROR]: Erro ao realizar login Cannot read properties of undefined (reading 'json')
[2024-01-14T22:39:48.657Z] [INFO]: Conexão com o banco de dados fechada com sucesso.
[2024-01-14T22:41:39.399Z] [INFO]: Conexão bem-sucedida com o banco de dados
[2024-01-14T22:41:39.508Z] [ERROR]: Erro ao registrar usuário Validation error
[2024-01-14T22:41:39.539Z] [INFO]: Conexão com o banco de dados fechada com sucesso.
[2024-01-14T22:42:11.281Z] [INFO]: Conexão bem-sucedida com o banco de dados
[2024-01-14T22:43:21.503Z] [INFO]: Conexão bem-sucedida com o banco de dados
[2024-01-14T22:43:54.309Z] [INFO]: Conexão bem-sucedida com o banco de dados
[2024-01-14T22:44:17.514Z] [INFO]: Conexão bem-sucedida com o banco de dados
[2024-01-14T22:47:42.004Z] [INFO]: Conexão bem-sucedida com o banco de dados
[2024-01-14T22:47:59.739Z] [ERROR]: Credenciais inválidas
[2024-01-14T22:48:13.796Z] [ERROR]: Credenciais inválidas
